
> Apple2TS@1.3.0 start:no-prestart
> electron-forge start -- --automation --disable-gpu --fullscreen --no-splash C:\git\apple2ts\artifacts\exported-hdv\1843d35fedf0-Aztec.po.hdv

[33m❯[39m Checking your system
[33m❯[39m Checking package manager version
[32m✔[39m Found npm@11.1.0
[32m✔[39m Checking your system
[?25h[33m❯[39m Locating application
[32m✔[39m Locating application
[33m❯[39m Loading configuration
🎨 Building with branding from: assets/apple2ts
📱 App name: Apple2TS
🎨 Baking apple2ts branding into the app as default...
  ✅ Copied App.png to apple2ts-assets
  ✅ Copied config.json to apple2ts-assets
  ✅ Copied DiskImage.icns to apple2ts-assets
  ✅ Copied DiskImage.ico to apple2ts-assets
  ⏭️  Skipping DiskImage.psd (PSD file)
  ✅ Copied Header.png to apple2ts-assets
  ⏭️  Skipping Header.psd (PSD file)
  ✅ Copied MacOS.icns to apple2ts-assets
  ✅ Copied splash.jpg to apple2ts-assets
  ⏭️  Skipping splash.psd (PSD file)
  ✅ Copied Windows.ico to apple2ts-assets
🎨 Branding complete! App will use apple2ts assets.
[32m✔[39m Loading configuration
[33m❯[39m Preparing native dependencies
[32m✔[39m Preparing native dependencies
[33m❯[39m Running generateAssets hook
[32m✔[39m Running generateAssets hook
[33m❯[39m Running preStart hook
[33m❯[39m [plugin-vite] Preparing Vite bundles
[33m❯[39m Launching Vite dev servers for renderer process code...
[32m✔[39m Launched Vite dev servers for renderer process code
[33m❯[39m Building main process and preload bundles...
[33m❯[39m Building src/main.ts target
[33m❯[39m Building src/preload.ts target
3:16:33 AM [@electron-forge/plugin-vite] target built src/preload.ts
[32m✔[39m Building src/preload.ts target
3:16:35 AM [@electron-forge/plugin-vite] target built src/main.ts
[32m✔[39m Building src/main.ts target
[32m✔[39m Built main process and preload bundles
[32m✔[39m [plugin-vite] Preparing Vite bundles
[32m✔[39m Running preStart hook
[32m✔[39m Launched Electron app. Type rs in terminal to restart main process.
[?25h

[AUTOMATION] preload-ready 
[AUTOMATION] window-ready
[AUTOMATION] page-url file:///C:/git/apple2ts/dist/index.html
[AUTOMATION] window-bounds {"x":0,"y":0,"width":3440,"height":1440}
[AUTOMATION] disk-load-requested 1843d35fedf0-Aztec.po.hdv
(electron) 'console-message' arguments are deprecated and will be removed. Please use Event<WebContentsConsoleMessageEventParams> object instead.
[AUTOMATION][renderer:2] %cElectron Security Warning (Disabled webSecurity) font-weight: bold; This renderer process has "webSecurity" disabled. This
  exposes users of this app to severe security risks.

For more information and help, consult
https://electronjs.org/docs/tutorial/security.
This warning will not show up
once the app is packaged.
[AUTOMATION][renderer:2] %cElectron Security Warning (allowRunningInsecureContent) font-weight: bold; This renderer process has "allowRunningInsecureContent"
  enabled. This exposes users of this app to severe security risks.

  
For more information and help, consult
https://electronjs.org/docs/tutorial/security.
This warning will not show up
once the app is packaged.
[AUTOMATION][renderer:2] %cElectron Security Warning (Insecure Content-Security-Policy) font-weight: bold; This renderer process has either no Content Security
  Policy set or a policy with "unsafe-eval" enabled. This exposes users of
  this app to unnecessary security risks.

For more information and help, consult
https://electronjs.org/docs/tutorial/security.
This warning will not show up
once the app is packaged.
[AUTOMATION] message-received {"origin":"file://","type":"showProgress"}
[AUTOMATION] message-received {"origin":"file://","type":"loadDisk"}
[AUTOMATION][renderer:1] Apple2TS received message: [object Object]
[AUTOMATION][renderer:1] Loading disk image: 1843d35fedf0-Aztec.po.hdv, 33553920 bytes
[AUTOMATION][renderer:1] 🎯 Created Electron save handler for: C:\git\apple2ts\artifacts\exported-hdv\1843d35fedf0-Aztec.po.hdv
[AUTOMATION][renderer:1] 🚀 Setting up auto-save timer for Electron disk...
[AUTOMATION][renderer:1] 🔄 prepWritableFile: Starting auto-save timer for drive 0
[AUTOMATION][renderer:1] ✅ Auto-save timer started, cleanup function: [object Promise]
[AUTOMATION][renderer:1] Disk image loaded successfully: 1843d35fedf0-Aztec.po.hdv
[AUTOMATION] disk-loaded {"filename":"1843d35fedf0-Aztec.po.hdv","filePath":"C:\\git\\apple2ts\\artifacts\\exported-hdv\\1843d35fedf0-Aztec.po.hdv"}
[AUTOMATION] disk-load-dispatched 1843d35fedf0-Aztec.po.hdv (acknowledged)
[AUTOMATION] message-received {"origin":"file://","type":"loadDisk"}
[AUTOMATION][renderer:1] Apple2TS received message: [object Object]
[AUTOMATION][renderer:1] Loading disk image: 1843d35fedf0-Aztec.po.hdv, 33553920 bytes
[AUTOMATION][renderer:1] 🎯 Created Electron save handler for: C:\git\apple2ts\artifacts\exported-hdv\1843d35fedf0-Aztec.po.hdv
[AUTOMATION][renderer:1] 🚀 Setting up auto-save timer for Electron disk...
[AUTOMATION][renderer:1] 🔄 prepWritableFile: Starting auto-save timer for drive 0
[AUTOMATION][renderer:1] ✅ Auto-save timer started, cleanup function: [object Promise]
[AUTOMATION][renderer:1] Disk image loaded successfully: 1843d35fedf0-Aztec.po.hdv
[AUTOMATION] disk-loaded {"filename":"1843d35fedf0-Aztec.po.hdv","filePath":"C:\\git\\apple2ts\\artifacts\\exported-hdv\\1843d35fedf0-Aztec.po.hdv"}


[BATCH_WRAPPER]
Wrote runner result: C:\git\apple2ts\artifacts\runner-results\1843d35fedf0-Aztec.po.attempt1.json
