
> Apple2TS@1.3.0 prestart
> npx tsx scripts/download-apple2ts.ts

[in#0 @ 000001b160884f80] Can't find window 'Apple2TS', aborting.
[in#0 @ 000001b160910100] Error opening input: I/O error
Error opening input file title=Apple2TS.
Error opening input files: I/O error
âś… Apple2TS already exists at: C:\git\apple2ts-app\apple2ts-dist
Skipping download and install. Delete folder to force a reinstall.

> Apple2TS@1.3.0 start
> electron-forge start -- C:\Users\bored\Downloads\Aztec.po

[33mâťŻ[39m Checking your system
[33mâťŻ[39m Checking package manager version
[32mâś”[39m Found npm@11.1.0
[32mâś”[39m Checking your system
[?25h[33mâťŻ[39m Locating application
[32mâś”[39m Locating application
[33mâťŻ[39m Loading configuration
đźŽ¨ Building with branding from: assets/apple2ts
đź“± App name: Apple2TS
đźŽ¨ Baking apple2ts branding into the app as default...
  âś… Copied App.png to apple2ts-assets
  âś… Copied config.json to apple2ts-assets
  âś… Copied DiskImage.icns to apple2ts-assets
  âś… Copied DiskImage.ico to apple2ts-assets
  âŹ­ď¸Ź  Skipping DiskImage.psd (PSD file)
  âś… Copied Header.png to apple2ts-assets
  âŹ­ď¸Ź  Skipping Header.psd (PSD file)
  âś… Copied MacOS.icns to apple2ts-assets
  âś… Copied splash.jpg to apple2ts-assets
  âŹ­ď¸Ź  Skipping splash.psd (PSD file)
  âś… Copied Windows.ico to apple2ts-assets
đźŽ¨ Branding complete! App will use apple2ts assets.
[32mâś”[39m Loading configuration
[33mâťŻ[39m Preparing native dependencies
[32mâś”[39m Preparing native dependencies
[33mâťŻ[39m Running generateAssets hook
[32mâś”[39m Running generateAssets hook
[33mâťŻ[39m Running preStart hook
[33mâťŻ[39m [plugin-vite] Preparing Vite bundles
[33mâťŻ[39m Launching Vite dev servers for renderer process code...
[32mâś”[39m Launched Vite dev servers for renderer process code
[33mâťŻ[39m Building main process and preload bundles...
[33mâťŻ[39m Building src/main.ts target
[33mâťŻ[39m Building src/preload.ts target
1:43:07 AM [@electron-forge/plugin-vite] target built src/preload.ts
[32mâś”[39m Building src/preload.ts target
1:43:10 AM [@electron-forge/plugin-vite] target built src/main.ts
[32mâś”[39m Building src/main.ts target
[32mâś”[39m Built main process and preload bundles
[32mâś”[39m [plugin-vite] Preparing Vite bundles
[32mâś”[39m Running preStart hook
[32mâś”[39m Launched Electron app. Type rs in terminal to restart main process.
[?25h

